This is pdfTeXk, Version 3.1415926-1.40.9 (Web2C 7.5.7) (format=pdfetex 2009.5.1)  17 MAY 2009 08:35
entering extended mode
 file:line:error style messages enabled.
 %&-line parsing enabled.
**./resume.pdf
(./resume.pdf
Missing character: There is no Ú in font cmr10!
Missing character: There is no Õ in font cmr10!
Missing character: There is no Û in font cmr10!
Missing character: There is no ¶ in font cmr10!
Missing character: There is no ÷ in font cmr10!
Missing character: There is no ¯ in font cmr10!
Missing character: There is no Ğ in font cmr10!
Missing character: There is no Î in font cmr10!
Missing character: There is no ï in font cmr10!
Missing character: There is no ¤ in font cmr10!
Missing character: There is no Î in font cmr10!
Missing character: There is no Ó in font cmr10!
Missing character: There is no ± in font cmr10!
Missing character: There is no  in font cmr10!
Missing character: There is no ¸ in font cmr10!
Missing character: There is no Ú in font cmr10!
Missing character: There is no ¤ in font cmr10!
Missing character: There is no ã in font cmr10!
Missing character: There is no ™ in font cmr10!
Missing character: There is no – in font cmr10!
Missing character: There is no ‘ in font cmr10!
Missing character: There is no „ in font cmr10!
Missing character: There is no € in font cmr10!
Missing character: There is no ı in font cmr10!
Missing character: There is no ï in font cmr10!
Missing character: There is no » in font cmr10!
Missing character: There is no ¢ in font cmr10!
Missing character: There is no ù in font cmr10!
Missing character: There is no Ò in font cmr10!
Missing character: There is no ¾ in font cmr10!
Missing character: There is no ’ in font cmr10!
Missing character: There is no Á in font cmr10!
Missing character: There is no Å in font cmr10!
Missing character: There is no  in font cmr10!
Missing character: There is no İ in font cmr10!
Missing character: There is no ı in font cmr10!
Missing character: There is no ö in font cmr10!
Missing character: There is no ‹ in font cmr10!
Missing character: There is no “ in font cmr10!
Missing character: There is no ³ in font cmr10!
Missing character: There is no « in font cmr10!
Missing character: There is no Ÿ in font cmr10!
Missing character: There is no Ë in font cmr10!
Missing character: There is no ² in font cmr10!
Missing character: There is no ² in font cmr10!
Missing character: There is no ¸ in font cmr10!
Missing character: There is no Ÿ in font cmr10!
Missing character: There is no Ä in font cmr10!
Missing character: There is no Ì in font cmr10!
Missing character: There is no ’ in font cmr10!
Missing character: There is no ³ in font cmr10!
Missing character: There is no “ in font cmr10!
Missing character: There is no ù in font cmr10!
Missing character: There is no Å in font cmr10!
Missing character: There is no » in font cmr10!
Missing character: There is no « in font cmr10!
Missing character: There is no µ in font cmr10!
Missing character: There is no Ÿ in font cmr10!
Missing character: There is no  in font cmr10!
Missing character: There is no ğ in font cmr10!
Missing character: There is no § in font cmr10!
Missing character: There is no ‘ in font cmr10!
Missing character: There is no ç in font cmr10!

./resume.pdf:9: Missing $ inserted.
<inserted text> 
                $
<to be read again> 
                   ^^A
l.9 ...x²¸ŸÄY^^VÌ’hRd³`^^V^^W“E3ùÅ»h«µŸDğ§I‘yç^^A
                                                  ?¯üYêUº«zÿ·Å‡“÷‹“?N¢I^^Hÿà...

? 
./resume.pdf:9: Emergency stop.
<inserted text> 
                $
<to be read again> 
                   ^^A
l.9 ...x²¸ŸÄY^^VÌ’hRd³`^^V^^W“E3ùÅ»h«µŸDğ§I‘yç^^A
                                                  ?¯üYêUº«zÿ·Å‡“÷‹“?N¢I^^Hÿà...
End of file on the terminal!

./resume.pdf:9:  ==> Fatal error occurred, no output PDF file produced!
